<?xml version="1.0" encoding="UTF-8"?>
<!-- Generated by org.testng.reporters.JUnitReportReporter -->
<testsuite hostname="SreenivasuluReddyNaga" failures="0" tests="6" name="org.maven.DataProviderDemo" time="0.012" errors="0" timestamp="2024-06-04T11:52:40 IST" skipped="0">
  <testcase classname="org.maven.DataProviderDemo" name="testCaseOne" time="0.000">
    <system-out>
      <![CDATA[30
Lavanya]]>
    </system-out>
  </testcase> <!-- testCaseOne -->
  <testcase classname="org.maven.DataProviderDemo" name="testCaseTwo" time="0.001">
    <system-out>
      <![CDATA[20
Neha]]>
    </system-out>
  </testcase> <!-- testCaseTwo -->
  <testcase classname="org.maven.DataProviderDemo" name="testCaseOne" time="0.001">
    <system-out>
      <![CDATA[20
Neha]]>
    </system-out>
  </testcase> <!-- testCaseOne -->
  <testcase classname="org.maven.DataProviderDemo" name="testCaseOne" time="0.008">
    <system-out>
      <![CDATA[10
Aman]]>
    </system-out>
  </testcase> <!-- testCaseOne -->
  <testcase classname="org.maven.DataProviderDemo" name="testCaseTwo" time="0.001">
    <system-out>
      <![CDATA[10
Aman]]>
    </system-out>
  </testcase> <!-- testCaseTwo -->
  <testcase classname="org.maven.DataProviderDemo" name="testCaseTwo" time="0.001">
    <system-out>
      <![CDATA[30
Lavanya]]>
    </system-out>
  </testcase> <!-- testCaseTwo -->
  <system-out>
    <![CDATA[10
Aman
20
Neha
30
Lavanya
10
Aman
20
Neha
30
Lavanya]]>
  </system-out>
</testsuite> <!-- org.maven.DataProviderDemo -->
