<?xml version="1.0" encoding="UTF-8"?>
<!-- Generated by org.testng.reporters.JUnitReportReporter -->
<testsuite hostname="SreenivasuluReddyNaga" failures="0" tests="4" name="org.maven.DataProviderDataUseInOtherClass" time="0.010" errors="0" timestamp="2024-06-04T11:56:01 IST" skipped="0">
  <testcase classname="org.maven.DataProviderDataUseInOtherClass" name="testCaseOne" time="0.000">
    <system-out>
      <![CDATA[40
Saritha]]>
    </system-out>
  </testcase> <!-- testCaseOne -->
  <testcase classname="org.maven.DataProviderDataUseInOtherClass" name="testCaseOne" time="0.001">
    <system-out>
      <![CDATA[30
Lavanya]]>
    </system-out>
  </testcase> <!-- testCaseOne -->
  <testcase classname="org.maven.DataProviderDataUseInOtherClass" name="testCaseOne" time="0.008">
    <system-out>
      <![CDATA[10
Aman]]>
    </system-out>
  </testcase> <!-- testCaseOne -->
  <testcase classname="org.maven.DataProviderDataUseInOtherClass" name="testCaseOne" time="0.001">
    <system-out>
      <![CDATA[20
Neha]]>
    </system-out>
  </testcase> <!-- testCaseOne -->
  <system-out>
    <![CDATA[10
Aman
20
Neha
30
Lavanya
40
Saritha]]>
  </system-out>
</testsuite> <!-- org.maven.DataProviderDataUseInOtherClass -->
