<?xml version="1.0" encoding="UTF-8"?>
<!-- Generated by org.testng.reporters.JUnitReportReporter -->
<testsuite hostname="SreenivasuluReddyNaga" failures="0" tests="1" name="org.pagefactory.tests.FindFlightsTest" time="8.508" errors="0" timestamp="2024-07-04T11:34:35 IST" skipped="0">
  <testcase classname="org.pagefactory.tests.FindFlightsTest" name="searchFlightsTest" time="8.508">
    <system-out>
      <![CDATA[Total countries available in dropdown 4
1
2
3
Expected option 3 available in dropdown and selected
Total countries available in dropdown 10
Acapulco
Frankfurt
London
Expected option London available in dropdown and selected
Total countries available in dropdown 12
January
February
March
April
May
June
July
August
September
Expected option September available in dropdown and selected
Total countries available in dropdown 31
1
2
3
4
5
6
7
8
9
10
11
12
13
14
15
16
Expected option 16 available in dropdown and selected
Total countries available in dropdown 10
Acapulco
Frankfurt
London
New York
Expected option New York available in dropdown and selected
Total countries available in dropdown 12
January
February
March
April
May
June
July
August
September
October
November
December
Expected option London is not available in dropdown
Total countries available in dropdown 31
1
2
3
4
5
6
7
8
9
10
11
12
13
14
15
16
17
18
19
20
21
22
23
24
25
26
27
28
29
30
31
Expected option September is not available in dropdown
Total countries available in dropdown 31
1
2
3
4
5
6
7
8
9
10
11
12
13
14
15
16
Expected option 16 available in dropdown and selected
Total countries available in dropdown 4
No Preference
Blue Skies Airlines
Unified Airlines
Expected option Unified Airlines available in dropdown and selected]]>
    </system-out>
  </testcase> <!-- searchFlightsTest -->
  <system-out>
    <![CDATA[Script execting on Chromebrowser
Browser opened and application url entered
Total countries available in dropdown 4
1
2
3
Expected option 3 available in dropdown and selected
Total countries available in dropdown 10
Acapulco
Frankfurt
London
Expected option London available in dropdown and selected
Total countries available in dropdown 12
January
February
March
April
May
June
July
August
September
Expected option September available in dropdown and selected
Total countries available in dropdown 31
1
2
3
4
5
6
7
8
9
10
11
12
13
14
15
16
Expected option 16 available in dropdown and selected
Total countries available in dropdown 10
Acapulco
Frankfurt
London
New York
Expected option New York available in dropdown and selected
Total countries available in dropdown 12
January
February
March
April
May
June
July
August
September
October
November
December
Expected option London is not available in dropdown
Total countries available in dropdown 31
1
2
3
4
5
6
7
8
9
10
11
12
13
14
15
16
17
18
19
20
21
22
23
24
25
26
27
28
29
30
31
Expected option September is not available in dropdown
Total countries available in dropdown 31
1
2
3
4
5
6
7
8
9
10
11
12
13
14
15
16
Expected option 16 available in dropdown and selected
Total countries available in dropdown 4
No Preference
Blue Skies Airlines
Unified Airlines
Expected option Unified Airlines available in dropdown and selected
Test execution complete and browser session closed]]>
  </system-out>
</testsuite> <!-- org.pagefactory.tests.FindFlightsTest -->
