<?xml version="1.0" encoding="UTF-8"?>
<!-- Generated by org.testng.reporters.JUnitReportReporter -->
<testsuite hostname="SreenivasuluReddyNaga" failures="0" tests="1" name="org.maven.SwitchToWindowsTest" time="0.523" errors="0" timestamp="2024-05-14T12:06:36 IST" skipped="0">
  <testcase classname="org.maven.SwitchToWindowsTest" name="selectWindowsTest" time="0.523">
    <system-out>
      <![CDATA[Windows Count 2
WIndow Handle FBBA5C33E61799AAB4BB69C42D14A8DA
WIndow Title MeeSeva Official Portal - Government of Andhra Pradesh
WIndow Handle 706496CE9FE6CEE35207C581EF040851
WIndow Title MeeSeva Department Portal Login
Window title matched and switched to expected window
Windows Count 2
WIndow Handle FBBA5C33E61799AAB4BB69C42D14A8DA
WIndow Title MeeSeva Official Portal - Government of Andhra Pradesh
Window title matched and switched to expected window
Switched to parent window]]>
    </system-out>
  </testcase> <!-- selectWindowsTest -->
  <system-out>
    <![CDATA[Script execting on Chromebrowser
Browser opened and application url entered
Windows Count 2
WIndow Handle FBBA5C33E61799AAB4BB69C42D14A8DA
WIndow Title MeeSeva Official Portal - Government of Andhra Pradesh
WIndow Handle 706496CE9FE6CEE35207C581EF040851
WIndow Title MeeSeva Department Portal Login
Window title matched and switched to expected window
Windows Count 2
WIndow Handle FBBA5C33E61799AAB4BB69C42D14A8DA
WIndow Title MeeSeva Official Portal - Government of Andhra Pradesh
Window title matched and switched to expected window
Switched to parent window
Test execution complete and browser session closed]]>
  </system-out>
</testsuite> <!-- org.maven.SwitchToWindowsTest -->
