<?xml version="1.0" encoding="UTF-8"?>
<!-- Generated by org.testng.reporters.JUnitReportReporter -->
<testsuite hostname="SreenivasuluReddyNaga" failures="0" tests="1" name="org.maven.SeriesOfActions" time="5.879" errors="0" timestamp="2024-06-14T11:44:44 IST" skipped="0">
  <testcase classname="org.maven.SeriesOfActions" name="testActions" time="5.879"/>
  <system-out>
    <![CDATA[Script execting on Chromebrowser
Browser opened and application url entered
Test execution complete and browser session closed]]>
  </system-out>
</testsuite> <!-- org.maven.SeriesOfActions -->
