<?xml version="1.0" encoding="UTF-8"?>
<!-- Generated by org.testng.reporters.JUnitReportReporter -->
<testsuite hostname="SreenivasuluReddyNaga" failures="0" tests="1" name="org.maven.HandleAlertsTest" time="0.410" errors="0" timestamp="2024-05-14T11:18:25 IST" skipped="0">
  <testcase classname="org.maven.HandleAlertsTest" name="testAlerts" time="0.410">
    <system-out>
      <![CDATA[Alert were present and script executing ...
Please enter  User ID
Alert was accepted successfully]]>
    </system-out>
  </testcase> <!-- testAlerts -->
  <system-out>
    <![CDATA[Script execting on Chromebrowser
Browser opened and application url entered
Alert were present and script executing ...
Please enter  User ID
Alert was accepted successfully
Test execution complete and browser session closed]]>
  </system-out>
</testsuite> <!-- org.maven.HandleAlertsTest -->
