<?xml version="1.0" encoding="UTF-8"?>
<!-- Generated by org.testng.reporters.JUnitReportReporter -->
<testsuite hostname="SreenivasuluReddyNaga" failures="0" tests="2" name="org.maven.TestNGAnnotationsDemo" time="0.004" errors="0" timestamp="2024-04-30T11:58:10 IST" skipped="0">
  <testcase classname="org.maven.TestNGAnnotationsDemo" name="secondTest" time="0.002">
    <system-out>
      <![CDATA[Second Test]]>
    </system-out>
  </testcase> <!-- secondTest -->
  <testcase classname="org.maven.TestNGAnnotationsDemo" name="firstTest" time="0.002">
    <system-out>
      <![CDATA[First Test]]>
    </system-out>
  </testcase> <!-- firstTest -->
  <system-out>
    <![CDATA[Before Suite
Before Test
Before Class
Before Method
Second Test
After Method
Before Method
First Test
After Method
After Class
After Test
Script execting on Edgebrowser
Browser opened and application url entered
User able to login in to application successfully
User is logged out from the application successfully
Test execution complete and browser session closed
After Suite]]>
  </system-out>
</testsuite> <!-- org.maven.TestNGAnnotationsDemo -->
