<?xml version="1.0" encoding="UTF-8"?>
<!-- Generated by org.testng.reporters.JUnitReportReporter -->
<testsuite hostname="SreenivasuluReddyNaga" failures="0" tests="1" name="org.maven.MercuryLoginTest" time="6.536" errors="0" timestamp="2024-06-11T11:45:40 IST" skipped="0">
  <testcase classname="org.maven.MercuryLoginTest" name="loginTest" time="6.536">
    <system-out>
      <![CDATA[User Name field is available and entered the data
User able to login in to application successfully
User is able to login into application successfully
User is logged out from the application successfully]]>
    </system-out>
  </testcase> <!-- loginTest -->
  <system-out>
    <![CDATA[Script execting on Chromebrowser
Browser opened and application url entered
Creating row based data
[Row1]{Password=mercury, UserName=mercury}
Converting results to an Array for TestNg
Finished results to an Array for TestNg
User Name field is available and entered the data
User able to login in to application successfully
User is able to login into application successfully
User is logged out from the application successfully
Test execution complete and browser session closed]]>
  </system-out>
</testsuite> <!-- org.maven.MercuryLoginTest -->
