<?xml version="1.0" encoding="UTF-8"?>
<!-- Generated by org.testng.reporters.JUnitReportReporter -->
<testsuite hostname="SreenivasuluReddyNaga" failures="0" tests="1" name="org.maven.GetWebTableDataTest" time="10.334" errors="0" timestamp="2024-05-28T11:40:00 IST" skipped="0">
  <testcase classname="org.maven.GetWebTableDataTest" name="getWebTableData" time="10.334">
    <system-out>
      <![CDATA[Number  rows in this table = 7
Number of Columns in this Row = 0
--------------------------------------------------------------
Number of Columns in this Row = 3
Table Data: Alfreds Futterkiste
Table Data: Maria Anders
Table Data: Germany
--------------------------------------------------------------
Number of Columns in this Row = 3
Table Data: Centro comercial Moctezuma
Table Data: Francisco Chang
Table Data: Mexico
--------------------------------------------------------------
Number of Columns in this Row = 3
Table Data: Ernst Handel
Table Data: Roland Mendel
Table Data: Austria
--------------------------------------------------------------
Number of Columns in this Row = 3
Table Data: Island Trading
Table Data: Helen Bennett
Table Data: UK
--------------------------------------------------------------
Number of Columns in this Row = 3
Table Data: Laughing Bacchus Winecellars
Table Data: Yoshi Tannamuri
Table Data: Canada
--------------------------------------------------------------
Number of Columns in this Row = 3
Table Data: Magazzini Alimentari Riuniti
Table Data: Giovanni Rovelli
Table Data: Italy
--------------------------------------------------------------]]>
    </system-out>
  </testcase> <!-- getWebTableData -->
  <system-out>
    <![CDATA[Script execting on Chromebrowser
Browser opened and application url entered
Number  rows in this table = 7
Number of Columns in this Row = 0
--------------------------------------------------------------
Number of Columns in this Row = 3
Table Data: Alfreds Futterkiste
Table Data: Maria Anders
Table Data: Germany
--------------------------------------------------------------
Number of Columns in this Row = 3
Table Data: Centro comercial Moctezuma
Table Data: Francisco Chang
Table Data: Mexico
--------------------------------------------------------------
Number of Columns in this Row = 3
Table Data: Ernst Handel
Table Data: Roland Mendel
Table Data: Austria
--------------------------------------------------------------
Number of Columns in this Row = 3
Table Data: Island Trading
Table Data: Helen Bennett
Table Data: UK
--------------------------------------------------------------
Number of Columns in this Row = 3
Table Data: Laughing Bacchus Winecellars
Table Data: Yoshi Tannamuri
Table Data: Canada
--------------------------------------------------------------
Number of Columns in this Row = 3
Table Data: Magazzini Alimentari Riuniti
Table Data: Giovanni Rovelli
Table Data: Italy
--------------------------------------------------------------
Test execution complete and browser session closed]]>
  </system-out>
</testsuite> <!-- org.maven.GetWebTableDataTest -->
