<?xml version="1.0" encoding="UTF-8"?>
<!-- Generated by org.testng.reporters.JUnitReportReporter -->
<testsuite hostname="SreenivasuluReddyNaga" failures="0" tests="1" name="org.maven.StaleElementReferenceExceptionTest" time="4.171" errors="0" timestamp="2024-06-21T11:30:04 IST" skipped="0">
  <testcase classname="org.maven.StaleElementReferenceExceptionTest" name="staleElementTest" time="4.171">
    <system-out>
      <![CDATA[Austria
Austria]]>
    </system-out>
  </testcase> <!-- staleElementTest -->
  <system-out>
    <![CDATA[Script execting on Chromebrowser
Browser opened and application url entered
Austria
Austria
Test execution complete and browser session closed]]>
  </system-out>
</testsuite> <!-- org.maven.StaleElementReferenceExceptionTest -->
